This is pdfTeX, Version 3.1415926-2.5-1.40.14 (TeX Live 2013/Debian) (format=pdflatex 2015.4.14)  12 JUN 2015 10:26
entering extended mode
 restricted \write18 enabled.
 %&-line parsing enabled.
**aalborgtheme.tex
(./aalborgtheme.tex
LaTeX2e <2011/06/27>
Babel <3.9h> and hyphenation patterns for 6 languages loaded.
(/usr/share/texmf/tex/latex/beamer/base/beamer.cls
(/usr/share/texmf/tex/latex/beamer/base/beamerbasercs.sty
Package: beamerbasercs 2012/11/13 (rcs-revision cb16a617839f)
)
Document Class: beamer 2012/10/15 development version 3.24 A class for typesett
ing presentations (rcs-revision 24853e6b98cf)
(/usr/share/texmf/tex/latex/beamer/base/beamerbasemodes.sty
Package: beamerbasemodes 2012/04/15 (rcs-revision cc6557182d97)
\beamer@tempbox=\box26
\beamer@tempcount=\count79
\c@beamerpauses=\count80

(/usr/share/texmf/tex/latex/beamer/base/beamerbasedecode.sty
Package: beamerbasedecode 2010/05/01 (rcs-revision efa082c6111d)
\beamer@slideinframe=\count81
\beamer@minimum=\count82
)
\beamer@commentbox=\box27
\beamer@modecount=\count83
)
(/usr/share/texlive/texmf-dist/tex/generic/oberdiek/ifpdf.sty
Package: ifpdf 2011/01/30 v2.3 Provides the ifpdf switch (HO)
Package ifpdf Info: pdfTeX in PDF mode is detected.
)
\headheight=\dimen102
\headdp=\dimen103
\footheight=\dimen104
\sidebarheight=\dimen105
\beamer@tempdim=\dimen106
\beamer@finalheight=\dimen107
\beamer@animht=\dimen108
\beamer@animdp=\dimen109
\beamer@animwd=\dimen110
\beamer@leftmargin=\dimen111
\beamer@rightmargin=\dimen112
\beamer@leftsidebar=\dimen113
\beamer@rightsidebar=\dimen114
\beamer@boxsize=\dimen115
\beamer@vboxoffset=\dimen116
\beamer@descdefault=\dimen117
\beamer@descriptionwidth=\dimen118
\beamer@lastskip=\skip41
\beamer@areabox=\box28
\beamer@animcurrent=\box29
\beamer@animshowbox=\box30
\beamer@sectionbox=\box31
\beamer@logobox=\box32
\beamer@linebox=\box33
\beamer@sectioncount=\count84
\beamer@subsubsectionmax=\count85
\beamer@subsectionmax=\count86
\beamer@sectionmax=\count87
\beamer@totalheads=\count88
\beamer@headcounter=\count89
\beamer@partstartpage=\count90
\beamer@sectionstartpage=\count91
\beamer@subsectionstartpage=\count92
\beamer@animationtempa=\count93
\beamer@animationtempb=\count94
\beamer@xpos=\count95
\beamer@ypos=\count96
\beamer@showpartnumber=\count97
\beamer@currentsubsection=\count98
\beamer@coveringdepth=\count99
\beamer@sectionadjust=\count100
\beamer@tocsectionnumber=\count101

(/usr/share/texmf/tex/latex/beamer/base/beamerbaseoptions.sty
Package: beamerbaseoptions 2010/04/27 (rcs-revision 982469101dd6)

(/usr/share/texlive/texmf-dist/tex/latex/graphics/keyval.sty
Package: keyval 1999/03/16 v1.13 key=value parser (DPC)
\KV@toks@=\toks14
))
\beamer@paperwidth=\skip42
\beamer@paperheight=\skip43

(/usr/share/texlive/texmf-dist/tex/latex/geometry/geometry.sty
Package: geometry 2010/09/12 v5.6 Page Geometry

(/usr/share/texlive/texmf-dist/tex/generic/oberdiek/ifvtex.sty
Package: ifvtex 2010/03/01 v1.5 Detect VTeX and its facilities (HO)
Package ifvtex Info: VTeX not detected.
)
(/usr/share/texlive/texmf-dist/tex/generic/ifxetex/ifxetex.sty
Package: ifxetex 2010/09/12 v0.6 Provides ifxetex conditional
)
\Gm@cnth=\count102
\Gm@cntv=\count103
\c@Gm@tempcnt=\count104
\Gm@bindingoffset=\dimen119
\Gm@wd@mp=\dimen120
\Gm@odd@mp=\dimen121
\Gm@even@mp=\dimen122
\Gm@layoutwidth=\dimen123
\Gm@layoutheight=\dimen124
\Gm@layouthoffset=\dimen125
\Gm@layoutvoffset=\dimen126
\Gm@dimlist=\toks15
)
(/usr/share/texlive/texmf-dist/tex/latex/base/size10.clo
File: size10.clo 2007/10/19 v1.4h Standard LaTeX file (size option)
)
(/usr/share/texmf/tex/latex/pgf/basiclayer/pgfcore.sty
(/usr/share/texlive/texmf-dist/tex/latex/graphics/graphicx.sty
Package: graphicx 1999/02/16 v1.0f Enhanced LaTeX Graphics (DPC,SPQR)

(/usr/share/texlive/texmf-dist/tex/latex/graphics/graphics.sty
Package: graphics 2009/02/05 v1.0o Standard LaTeX Graphics (DPC,SPQR)

(/usr/share/texlive/texmf-dist/tex/latex/graphics/trig.sty
Package: trig 1999/03/16 v1.09 sin cos tan (DPC)
)
(/usr/share/texlive/texmf-dist/tex/latex/latexconfig/graphics.cfg
File: graphics.cfg 2010/04/23 v1.9 graphics configuration of TeX Live
)
Package graphics Info: Driver file: pdftex.def on input line 91.

(/usr/share/texlive/texmf-dist/tex/latex/pdftex-def/pdftex.def
File: pdftex.def 2011/05/27 v0.06d Graphics/color for pdfTeX

(/usr/share/texlive/texmf-dist/tex/generic/oberdiek/infwarerr.sty
Package: infwarerr 2010/04/08 v1.3 Providing info/warning/error messages (HO)
)
(/usr/share/texlive/texmf-dist/tex/generic/oberdiek/ltxcmds.sty
Package: ltxcmds 2011/11/09 v1.22 LaTeX kernel commands for general use (HO)
)
\Gread@gobject=\count105
))
\Gin@req@height=\dimen127
\Gin@req@width=\dimen128
)
(/usr/share/texmf/tex/latex/pgf/systemlayer/pgfsys.sty
(/usr/share/texmf/tex/latex/pgf/utilities/pgfrcs.sty
(/usr/share/texmf/tex/generic/pgf/utilities/pgfutil-common.tex
\pgfutil@everybye=\toks16
)
(/usr/share/texmf/tex/generic/pgf/utilities/pgfutil-latex.def
\pgfutil@abb=\box34

(/usr/share/texlive/texmf-dist/tex/latex/ms/everyshi.sty
Package: everyshi 2001/05/15 v3.00 EveryShipout Package (MS)
))
(/usr/share/texmf/tex/generic/pgf/utilities/pgfrcs.code.tex
Package: pgfrcs 2010/10/25 v2.10 (rcs-revision 1.24)
))
(/usr/share/texmf/tex/generic/pgf/systemlayer/pgfsys.code.tex
Package: pgfsys 2010/06/30 v2.10 (rcs-revision 1.37)

(/usr/share/texmf/tex/generic/pgf/utilities/pgfkeys.code.tex
\pgfkeys@pathtoks=\toks17
\pgfkeys@temptoks=\toks18

(/usr/share/texmf/tex/generic/pgf/utilities/pgfkeysfiltered.code.tex
\pgfkeys@tmptoks=\toks19
))
\pgf@x=\dimen129
\pgf@y=\dimen130
\pgf@xa=\dimen131
\pgf@ya=\dimen132
\pgf@xb=\dimen133
\pgf@yb=\dimen134
\pgf@xc=\dimen135
\pgf@yc=\dimen136
\w@pgf@writea=\write3
\r@pgf@reada=\read1
\c@pgf@counta=\count106
\c@pgf@countb=\count107
\c@pgf@countc=\count108
\c@pgf@countd=\count109

(/usr/share/texmf/tex/generic/pgf/systemlayer/pgf.cfg
File: pgf.cfg 2008/05/14  (rcs-revision 1.7)
)
Package pgfsys Info: Driver file for pgf: pgfsys-pdftex.def on input line 900.

(/usr/share/texmf/tex/generic/pgf/systemlayer/pgfsys-pdftex.def
File: pgfsys-pdftex.def 2009/05/22  (rcs-revision 1.26)

(/usr/share/texmf/tex/generic/pgf/systemlayer/pgfsys-common-pdf.def
File: pgfsys-common-pdf.def 2008/05/19  (rcs-revision 1.10)
)))
(/usr/share/texmf/tex/generic/pgf/systemlayer/pgfsyssoftpath.code.tex
File: pgfsyssoftpath.code.tex 2008/07/18  (rcs-revision 1.7)
\pgfsyssoftpath@smallbuffer@items=\count110
\pgfsyssoftpath@bigbuffer@items=\count111
)
(/usr/share/texmf/tex/generic/pgf/systemlayer/pgfsysprotocol.code.tex
File: pgfsysprotocol.code.tex 2006/10/16  (rcs-revision 1.4)
))
(/usr/share/texmf/tex/latex/xcolor/xcolor.sty
Package: xcolor 2007/01/21 v2.11 LaTeX color extensions (UK)

(/usr/share/texlive/texmf-dist/tex/latex/latexconfig/color.cfg
File: color.cfg 2007/01/18 v1.5 color configuration of teTeX/TeXLive
)
Package xcolor Info: Driver file: pdftex.def on input line 225.
Package xcolor Info: Model `cmy' substituted by `cmy0' on input line 1337.
Package xcolor Info: Model `hsb' substituted by `rgb' on input line 1341.
Package xcolor Info: Model `RGB' extended on input line 1353.
Package xcolor Info: Model `HTML' substituted by `rgb' on input line 1355.
Package xcolor Info: Model `Hsb' substituted by `hsb' on input line 1356.
Package xcolor Info: Model `tHsb' substituted by `hsb' on input line 1357.
Package xcolor Info: Model `HSB' substituted by `hsb' on input line 1358.
Package xcolor Info: Model `Gray' substituted by `gray' on input line 1359.
Package xcolor Info: Model `wave' substituted by `hsb' on input line 1360.
)
(/usr/share/texmf/tex/generic/pgf/basiclayer/pgfcore.code.tex
Package: pgfcore 2010/04/11 v2.10 (rcs-revision 1.7)

(/usr/share/texmf/tex/generic/pgf/math/pgfmath.code.tex
(/usr/share/texmf/tex/generic/pgf/math/pgfmathcalc.code.tex
(/usr/share/texmf/tex/generic/pgf/math/pgfmathutil.code.tex)
(/usr/share/texmf/tex/generic/pgf/math/pgfmathparser.code.tex
\pgfmath@dimen=\dimen137
\pgfmath@count=\count112
\pgfmath@box=\box35
\pgfmath@toks=\toks20
\pgfmath@stack@operand=\toks21
\pgfmath@stack@operation=\toks22
)
(/usr/share/texmf/tex/generic/pgf/math/pgfmathfunctions.code.tex
(/usr/share/texmf/tex/generic/pgf/math/pgfmathfunctions.basic.code.tex)
(/usr/share/texmf/tex/generic/pgf/math/pgfmathfunctions.trigonometric.code.tex)
(/usr/share/texmf/tex/generic/pgf/math/pgfmathfunctions.random.code.tex)
(/usr/share/texmf/tex/generic/pgf/math/pgfmathfunctions.comparison.code.tex)
(/usr/share/texmf/tex/generic/pgf/math/pgfmathfunctions.base.code.tex)
(/usr/share/texmf/tex/generic/pgf/math/pgfmathfunctions.round.code.tex)
(/usr/share/texmf/tex/generic/pgf/math/pgfmathfunctions.misc.code.tex)))
(/usr/share/texmf/tex/generic/pgf/math/pgfmathfloat.code.tex
\c@pgfmathroundto@lastzeros=\count113
))
(/usr/share/texmf/tex/generic/pgf/basiclayer/pgfcorepoints.code.tex
File: pgfcorepoints.code.tex 2010/04/09  (rcs-revision 1.20)
\pgf@picminx=\dimen138
\pgf@picmaxx=\dimen139
\pgf@picminy=\dimen140
\pgf@picmaxy=\dimen141
\pgf@pathminx=\dimen142
\pgf@pathmaxx=\dimen143
\pgf@pathminy=\dimen144
\pgf@pathmaxy=\dimen145
\pgf@xx=\dimen146
\pgf@xy=\dimen147
\pgf@yx=\dimen148
\pgf@yy=\dimen149
\pgf@zx=\dimen150
\pgf@zy=\dimen151
)
(/usr/share/texmf/tex/generic/pgf/basiclayer/pgfcorepathconstruct.code.tex
File: pgfcorepathconstruct.code.tex 2010/08/03  (rcs-revision 1.24)
\pgf@path@lastx=\dimen152
\pgf@path@lasty=\dimen153
)
(/usr/share/texmf/tex/generic/pgf/basiclayer/pgfcorepathusage.code.tex
File: pgfcorepathusage.code.tex 2008/04/22  (rcs-revision 1.12)
\pgf@shorten@end@additional=\dimen154
\pgf@shorten@start@additional=\dimen155
)
(/usr/share/texmf/tex/generic/pgf/basiclayer/pgfcorescopes.code.tex
File: pgfcorescopes.code.tex 2010/09/08  (rcs-revision 1.34)
\pgfpic=\box36
\pgf@hbox=\box37
\pgf@layerbox@main=\box38
\pgf@picture@serial@count=\count114
)
(/usr/share/texmf/tex/generic/pgf/basiclayer/pgfcoregraphicstate.code.tex
File: pgfcoregraphicstate.code.tex 2008/04/22  (rcs-revision 1.9)
\pgflinewidth=\dimen156
)
(/usr/share/texmf/tex/generic/pgf/basiclayer/pgfcoretransformations.code.tex
File: pgfcoretransformations.code.tex 2009/06/10  (rcs-revision 1.11)
\pgf@pt@x=\dimen157
\pgf@pt@y=\dimen158
\pgf@pt@temp=\dimen159
)
(/usr/share/texmf/tex/generic/pgf/basiclayer/pgfcorequick.code.tex
File: pgfcorequick.code.tex 2008/10/09  (rcs-revision 1.3)
)
(/usr/share/texmf/tex/generic/pgf/basiclayer/pgfcoreobjects.code.tex
File: pgfcoreobjects.code.tex 2006/10/11  (rcs-revision 1.2)
)
(/usr/share/texmf/tex/generic/pgf/basiclayer/pgfcorepathprocessing.code.tex
File: pgfcorepathprocessing.code.tex 2008/10/09  (rcs-revision 1.8)
)
(/usr/share/texmf/tex/generic/pgf/basiclayer/pgfcorearrows.code.tex
File: pgfcorearrows.code.tex 2008/04/23  (rcs-revision 1.11)
)
(/usr/share/texmf/tex/generic/pgf/basiclayer/pgfcoreshade.code.tex
File: pgfcoreshade.code.tex 2008/11/23  (rcs-revision 1.13)
\pgf@max=\dimen160
\pgf@sys@shading@range@num=\count115
)
(/usr/share/texmf/tex/generic/pgf/basiclayer/pgfcoreimage.code.tex
File: pgfcoreimage.code.tex 2010/03/25  (rcs-revision 1.16)

(/usr/share/texmf/tex/generic/pgf/basiclayer/pgfcoreexternal.code.tex
File: pgfcoreexternal.code.tex 2010/09/01  (rcs-revision 1.17)
\pgfexternal@startupbox=\box39
))
(/usr/share/texmf/tex/generic/pgf/basiclayer/pgfcorelayers.code.tex
File: pgfcorelayers.code.tex 2010/08/27  (rcs-revision 1.2)
)
(/usr/share/texmf/tex/generic/pgf/basiclayer/pgfcoretransparency.code.tex
File: pgfcoretransparency.code.tex 2008/01/17  (rcs-revision 1.2)
)
(/usr/share/texmf/tex/generic/pgf/basiclayer/pgfcorepatterns.code.tex
File: pgfcorepatterns.code.tex 2009/07/02  (rcs-revision 1.3)
)))
(/usr/share/texmf/tex/latex/pgf/utilities/xxcolor.sty
Package: xxcolor 2003/10/24 ver 0.1
\XC@nummixins=\count116
\XC@countmixins=\count117
)
(/usr/share/texlive/texmf-dist/tex/latex/hyperref/hyperref.sty
Package: hyperref 2012/11/06 v6.83m Hypertext links for LaTeX

(/usr/share/texlive/texmf-dist/tex/generic/oberdiek/hobsub-hyperref.sty
Package: hobsub-hyperref 2012/05/28 v1.13 Bundle oberdiek, subset hyperref (HO)


(/usr/share/texlive/texmf-dist/tex/generic/oberdiek/hobsub-generic.sty
Package: hobsub-generic 2012/05/28 v1.13 Bundle oberdiek, subset generic (HO)
Package: hobsub 2012/05/28 v1.13 Construct package bundles (HO)
Package hobsub Info: Skipping package `infwarerr' (already loaded).
Package hobsub Info: Skipping package `ltxcmds' (already loaded).
Package: ifluatex 2010/03/01 v1.3 Provides the ifluatex switch (HO)
Package ifluatex Info: LuaTeX not detected.
Package hobsub Info: Skipping package `ifvtex' (already loaded).
Package: intcalc 2007/09/27 v1.1 Expandable calculations with integers (HO)
Package hobsub Info: Skipping package `ifpdf' (already loaded).
Package: etexcmds 2011/02/16 v1.5 Avoid name clashes with e-TeX commands (HO)
Package etexcmds Info: Could not find \expanded.
(etexcmds)             That can mean that you are not using pdfTeX 1.50 or
(etexcmds)             that some package has redefined \expanded.
(etexcmds)             In the latter case, load this package earlier.
Package: kvsetkeys 2012/04/25 v1.16 Key value parser (HO)
Package: kvdefinekeys 2011/04/07 v1.3 Define keys (HO)
Package: pdftexcmds 2011/11/29 v0.20 Utility functions of pdfTeX for LuaTeX (HO
)
Package pdftexcmds Info: LuaTeX not detected.
Package pdftexcmds Info: \pdf@primitive is available.
Package pdftexcmds Info: \pdf@ifprimitive is available.
Package pdftexcmds Info: \pdfdraftmode found.
Package: pdfescape 2011/11/25 v1.13 Implements pdfTeX's escape features (HO)
Package: bigintcalc 2012/04/08 v1.3 Expandable calculations on big integers (HO
)
Package: bitset 2011/01/30 v1.1 Handle bit-vector datatype (HO)
Package: uniquecounter 2011/01/30 v1.2 Provide unlimited unique counter (HO)
)
Package hobsub Info: Skipping package `hobsub' (already loaded).
Package: letltxmacro 2010/09/02 v1.4 Let assignment for LaTeX macros (HO)
Package: hopatch 2012/05/28 v1.2 Wrapper for package hooks (HO)
Package: xcolor-patch 2011/01/30 xcolor patch
Package: atveryend 2011/06/30 v1.8 Hooks at the very end of document (HO)
Package atveryend Info: \enddocument detected (standard20110627).
Package: atbegshi 2011/10/05 v1.16 At begin shipout hook (HO)
Package: refcount 2011/10/16 v3.4 Data extraction from label references (HO)
Package: hycolor 2011/01/30 v1.7 Color options for hyperref/bookmark (HO)
)
(/usr/share/texlive/texmf-dist/tex/latex/oberdiek/auxhook.sty
Package: auxhook 2011/03/04 v1.3 Hooks for auxiliary files (HO)
)
(/usr/share/texlive/texmf-dist/tex/latex/oberdiek/kvoptions.sty
Package: kvoptions 2011/06/30 v3.11 Key value format for package options (HO)
)
\@linkdim=\dimen161
\Hy@linkcounter=\count118
\Hy@pagecounter=\count119

(/usr/share/texlive/texmf-dist/tex/latex/hyperref/pd1enc.def
File: pd1enc.def 2012/11/06 v6.83m Hyperref: PDFDocEncoding definition (HO)
)
\Hy@SavedSpaceFactor=\count120

(/usr/share/texlive/texmf-dist/tex/latex/latexconfig/hyperref.cfg
File: hyperref.cfg 2002/06/06 v1.2 hyperref configuration of TeXLive
)
Package hyperref Info: Option `bookmarks' set `true' on input line 4319.
Package hyperref Info: Option `bookmarksopen' set `true' on input line 4319.
Package hyperref Info: Option `implicit' set `false' on input line 4319.
Package hyperref Info: Hyper figures OFF on input line 4443.
Package hyperref Info: Link nesting OFF on input line 4448.
Package hyperref Info: Hyper index ON on input line 4451.
Package hyperref Info: Plain pages OFF on input line 4458.
Package hyperref Info: Backreferencing OFF on input line 4463.
Package hyperref Info: Implicit mode OFF; no redefinition of LaTeX internals.
Package hyperref Info: Bookmarks ON on input line 4688.
\c@Hy@tempcnt=\count121

(/usr/share/texlive/texmf-dist/tex/latex/url/url.sty
\Urlmuskip=\muskip10
Package: url 2013/09/16  ver 3.4  Verb mode for urls, etc.
)
LaTeX Info: Redefining \url on input line 5041.
\XeTeXLinkMargin=\dimen162
\Fld@menulength=\count122
\Field@Width=\dimen163
\Fld@charsize=\dimen164
Package hyperref Info: Hyper figures OFF on input line 6295.
Package hyperref Info: Link nesting OFF on input line 6300.
Package hyperref Info: Hyper index ON on input line 6303.
Package hyperref Info: backreferencing OFF on input line 6310.
Package hyperref Info: Link coloring OFF on input line 6315.
Package hyperref Info: Link coloring with OCG OFF on input line 6320.
Package hyperref Info: PDF/A mode OFF on input line 6325.
LaTeX Info: Redefining \ref on input line 6365.
LaTeX Info: Redefining \pageref on input line 6369.
\Hy@abspage=\count123


Package hyperref Message: Stopped early.

)

Package hyperref Message: Driver (autodetected): hpdftex.

(/usr/share/texlive/texmf-dist/tex/latex/hyperref/hpdftex.def
File: hpdftex.def 2012/11/06 v6.83m Hyperref driver for pdfTeX
\Fld@listcount=\count124
\c@bookmark@seq@number=\count125

(/usr/share/texlive/texmf-dist/tex/latex/oberdiek/rerunfilecheck.sty
Package: rerunfilecheck 2011/04/15 v1.7 Rerun checks for auxiliary files (HO)
Package uniquecounter Info: New unique counter `rerunfilecheck' on input line 2
82.
))
(/usr/share/texmf/tex/latex/beamer/base/beamerbaserequires.sty
Package: beamerbaserequires 2010/05/01  (rcs-revision efa082c6111d)

(/usr/share/texmf/tex/latex/beamer/base/beamerbasecompatibility.sty
Package: beamerbasecompatibility 2012/05/01  (rcs-revision 67c48b3b652d)
)
(/usr/share/texmf/tex/latex/beamer/base/beamerbasefont.sty
Package: beamerbasefont 2012/09/19  (rcs-revision 733629cd0c6c)

(/usr/share/texlive/texmf-dist/tex/latex/amsfonts/amssymb.sty
Package: amssymb 2013/01/14 v3.01 AMS font symbols

(/usr/share/texlive/texmf-dist/tex/latex/amsfonts/amsfonts.sty
Package: amsfonts 2013/01/14 v3.01 Basic AMSFonts support
\@emptytoks=\toks23
\symAMSa=\mathgroup4
\symAMSb=\mathgroup5
LaTeX Font Info:    Overwriting math alphabet `\mathfrak' in version `bold'
(Font)                  U/euf/m/n --> U/euf/b/n on input line 106.
)))
(/usr/share/texmf/tex/latex/beamer/base/beamerbasetranslator.sty
Package: beamerbasetranslator 2010/06/11  (rcs-revision 85fd1cc7fc42)

(/usr/share/texmf/tex/latex/beamer/base/translator/translator.sty
Package: translator 2010/06/12 ver 1.10

(/usr/share/texmf/tex/latex/beamer/base/translator/translator-language-mappings
.tex))) (/usr/share/texmf/tex/latex/beamer/base/beamerbasemisc.sty
Package: beamerbasemisc 2012/02/24  (rcs-revision 2ff5461be705)
)
(/usr/share/texmf/tex/latex/beamer/base/beamerbasetwoscreens.sty
Package: beamerbasetwoscreens 2010/05/01  (rcs-revision efa082c6111d)
)
(/usr/share/texmf/tex/latex/beamer/base/beamerbaseoverlay.sty
Package: beamerbaseoverlay 2012/11/11  (rcs-revision 6afbc49b1109)
\beamer@argscount=\count126
\beamer@lastskipcover=\skip44
\beamer@trivlistdepth=\count127
)
(/usr/share/texmf/tex/latex/beamer/base/beamerbasetitle.sty
Package: beamerbasetitle 2010/09/21  (rcs-revision f0446ed0b6ae)
)
(/usr/share/texmf/tex/latex/beamer/base/beamerbasesection.sty
Package: beamerbasesection 2012/11/11  (rcs-revision 0056eef6f17f)
\c@lecture=\count128
\c@part=\count129
\c@section=\count130
\c@subsection=\count131
\c@subsubsection=\count132
)
(/usr/share/texmf/tex/latex/beamer/base/beamerbaseframe.sty
Package: beamerbaseframe 2012/09/13  (rcs-revision dcd846607320)
\beamer@framebox=\box40
\beamer@frametitlebox=\box41
\beamer@zoombox=\box42
\beamer@zoomcount=\count133
\beamer@zoomframecount=\count134
\beamer@frametextheight=\dimen165
\c@subsectionslide=\count135
\beamer@frametopskip=\skip45
\beamer@framebottomskip=\skip46
\beamer@frametopskipautobreak=\skip47
\beamer@framebottomskipautobreak=\skip48
\beamer@envbody=\toks24
\framewidth=\dimen166
\c@framenumber=\count136
)
(/usr/share/texmf/tex/latex/beamer/base/beamerbaseverbatim.sty
Package: beamerbaseverbatim 2012/08/30  (rcs-revision dfdb135076b3)
\beamer@verbatimfileout=\write4
)
(/usr/share/texmf/tex/latex/beamer/base/beamerbaseframesize.sty
Package: beamerbaseframesize 2011/09/12  (rcs-revision 70f9d8411e54)
\beamer@splitbox=\box43
\beamer@autobreakcount=\count137
\beamer@autobreaklastheight=\dimen167
\beamer@frametitletoks=\toks25
\beamer@framesubtitletoks=\toks26
)
(/usr/share/texmf/tex/latex/beamer/base/beamerbaseframecomponents.sty
Package: beamerbaseframecomponents 2012/09/13  (rcs-revision dcd846607320)
\beamer@footins=\box44
)
(/usr/share/texmf/tex/latex/beamer/base/beamerbasecolor.sty
Package: beamerbasecolor 2010/06/06  (rcs-revision d1a9b48be06d)
)
(/usr/share/texmf/tex/latex/beamer/base/beamerbasenotes.sty
Package: beamerbasenotes 2010/05/01  (rcs-revision efa082c6111d)
\beamer@frameboxcopy=\box45
)
(/usr/share/texmf/tex/latex/beamer/base/beamerbasetoc.sty
Package: beamerbasetoc 2012/10/02  (rcs-revision 5ed0f4010e8a)
)
(/usr/share/texmf/tex/latex/beamer/base/beamerbasetemplates.sty
Package: beamerbasetemplates 2010/05/01  (rcs-revision efa082c6111d)
\beamer@sbttoks=\toks27

(/usr/share/texmf/tex/latex/beamer/base/beamerbaseauxtemplates.sty
Package: beamerbaseauxtemplates 2012/05/01  (rcs-revision 67c48b3b652d)

(/usr/share/texmf/tex/latex/beamer/base/beamerbaseboxes.sty
Package: beamerbaseboxes 2012/05/13  (rcs-revision 56972908a390)
\bmb@box=\box46
\bmb@colorbox=\box47
\bmb@boxshadow=\box48
\bmb@boxshadowball=\box49
\bmb@boxshadowballlarge=\box50
\bmb@temp=\dimen168
\bmb@dima=\dimen169
\bmb@dimb=\dimen170
\bmb@prevheight=\dimen171
)
\beamer@blockheadheight=\dimen172
))
(/usr/share/texmf/tex/latex/beamer/base/beamerbaselocalstructure.sty
Package: beamerbaselocalstructure 2012/11/13  (rcs-revision ddfba79dac19)

(/usr/share/texlive/texmf-dist/tex/latex/tools/enumerate.sty
Package: enumerate 1999/03/05 v3.00 enumerate extensions (DPC)
\@enLab=\toks28
)
\c@figure=\count138
\c@table=\count139
\abovecaptionskip=\skip49
\belowcaptionskip=\skip50
)
(/usr/share/texmf/tex/latex/beamer/base/beamerbasenavigation.sty
Package: beamerbasenavigation 2012/04/03  (rcs-revision 42a0f21a412d)
\beamer@section@min@dim=\dimen173
)
(/usr/share/texmf/tex/latex/beamer/base/beamerbasetheorems.sty
Package: beamerbasetheorems 2010/06/06  (rcs-revision 7e7cc5e53e9d)

(/usr/share/texlive/texmf-dist/tex/latex/amsmath/amsmath.sty
Package: amsmath 2013/01/14 v2.14 AMS math features
\@mathmargin=\skip51

For additional information on amsmath, use the `?' option.
(/usr/share/texlive/texmf-dist/tex/latex/amsmath/amstext.sty
Package: amstext 2000/06/29 v2.01

(/usr/share/texlive/texmf-dist/tex/latex/amsmath/amsgen.sty
File: amsgen.sty 1999/11/30 v2.0
\@emptytoks=\toks29
\ex@=\dimen174
))
(/usr/share/texlive/texmf-dist/tex/latex/amsmath/amsbsy.sty
Package: amsbsy 1999/11/29 v1.2d
\pmbraise@=\dimen175
)
(/usr/share/texlive/texmf-dist/tex/latex/amsmath/amsopn.sty
Package: amsopn 1999/12/14 v2.01 operator names
)
\inf@bad=\count140
LaTeX Info: Redefining \frac on input line 210.
\uproot@=\count141
\leftroot@=\count142
LaTeX Info: Redefining \overline on input line 306.
\classnum@=\count143
\DOTSCASE@=\count144
LaTeX Info: Redefining \ldots on input line 378.
LaTeX Info: Redefining \dots on input line 381.
LaTeX Info: Redefining \cdots on input line 466.
\Mathstrutbox@=\box51
\strutbox@=\box52
\big@size=\dimen176
LaTeX Font Info:    Redeclaring font encoding OML on input line 566.
LaTeX Font Info:    Redeclaring font encoding OMS on input line 567.
\macc@depth=\count145
\c@MaxMatrixCols=\count146
\dotsspace@=\muskip11
\c@parentequation=\count147
\dspbrk@lvl=\count148
\tag@help=\toks30
\row@=\count149
\column@=\count150
\maxfields@=\count151
\andhelp@=\toks31
\eqnshift@=\dimen177
\alignsep@=\dimen178
\tagshift@=\dimen179
\tagwidth@=\dimen180
\totwidth@=\dimen181
\lineht@=\dimen182
\@envbody=\toks32
\multlinegap=\skip52
\multlinetaggap=\skip53
\mathdisplay@stack=\toks33
LaTeX Info: Redefining \[ on input line 2665.
LaTeX Info: Redefining \] on input line 2666.
)
(/usr/share/texlive/texmf-dist/tex/latex/amscls/amsthm.sty
Package: amsthm 2004/08/06 v2.20
\thm@style=\toks34
\thm@bodyfont=\toks35
\thm@headfont=\toks36
\thm@notefont=\toks37
\thm@headpunct=\toks38
\thm@preskip=\skip54
\thm@postskip=\skip55
\thm@headsep=\skip56
\dth@everypar=\toks39
)
\c@theorem=\count152
)
(/usr/share/texmf/tex/latex/beamer/base/beamerbasethemes.sty
Package: beamerbasethemes 2010/05/01  (rcs-revision efa082c6111d)
))
(/usr/share/texmf/tex/latex/beamer/base/themes/theme/beamerthemedefault.sty
Package: beamerthemedefault 2010/06/17  (rcs-revision d02a7cf4d8ae)

(/usr/share/texmf/tex/latex/beamer/base/themes/font/beamerfontthemedefault.sty
Package: beamerfontthemedefault 2010/06/17  (rcs-revision d02a7cf4d8ae)
)
(/usr/share/texmf/tex/latex/beamer/base/themes/color/beamercolorthemedefault.st
y
Package: beamercolorthemedefault 2010/06/17  (rcs-revision d02a7cf4d8ae)
)
(/usr/share/texmf/tex/latex/beamer/base/themes/inner/beamerinnerthemedefault.st
y
Package: beamerinnerthemedefault 2012/05/01  (rcs-revision 67c48b3b652d)
\beamer@dima=\dimen183
\beamer@dimb=\dimen184
)
(/usr/share/texmf/tex/latex/beamer/base/themes/outer/beamerouterthemedefault.st
y
Package: beamerouterthemedefault 2012/10/02  (rcs-revision 5ed0f4010e8a)
))) (./beamerthemeAalborg.sty
Package: beamerthemeAalborg 2013/05/16 v1.3.0 The Aalborg Beamer Theme

(/usr/share/texmf/tex/latex/pgf/frontendlayer/tikz.sty
(/usr/share/texmf/tex/latex/pgf/basiclayer/pgf.sty
Package: pgf 2008/01/15 v2.10 (rcs-revision 1.12)

(/usr/share/texmf/tex/generic/pgf/modules/pgfmoduleshapes.code.tex
File: pgfmoduleshapes.code.tex 2010/09/09  (rcs-revision 1.13)
\pgfnodeparttextbox=\box53
)
(/usr/share/texmf/tex/generic/pgf/modules/pgfmoduleplot.code.tex
File: pgfmoduleplot.code.tex 2010/10/22  (rcs-revision 1.8)
)
(/usr/share/texmf/tex/latex/pgf/compatibility/pgfcomp-version-0-65.sty
Package: pgfcomp-version-0-65 2007/07/03 v2.10 (rcs-revision 1.7)
\pgf@nodesepstart=\dimen185
\pgf@nodesepend=\dimen186
)
(/usr/share/texmf/tex/latex/pgf/compatibility/pgfcomp-version-1-18.sty
Package: pgfcomp-version-1-18 2007/07/23 v2.10 (rcs-revision 1.1)
))
(/usr/share/texmf/tex/latex/pgf/utilities/pgffor.sty
(/usr/share/texmf/tex/latex/pgf/utilities/pgfkeys.sty
(/usr/share/texmf/tex/generic/pgf/utilities/pgfkeys.code.tex))
(/usr/share/texmf/tex/generic/pgf/utilities/pgffor.code.tex
Package: pgffor 2010/03/23 v2.10 (rcs-revision 1.18)
\pgffor@iter=\dimen187
\pgffor@skip=\dimen188
\pgffor@stack=\toks40
\pgffor@toks=\toks41
))
(/usr/share/texmf/tex/generic/pgf/frontendlayer/tikz/tikz.code.tex
Package: tikz 2010/10/13 v2.10 (rcs-revision 1.76)

(/usr/share/texmf/tex/generic/pgf/libraries/pgflibraryplothandlers.code.tex
File: pgflibraryplothandlers.code.tex 2010/05/31 v2.10 (rcs-revision 1.15)
\pgf@plot@mark@count=\count153
\pgfplotmarksize=\dimen189
)
\tikz@lastx=\dimen190
\tikz@lasty=\dimen191
\tikz@lastxsaved=\dimen192
\tikz@lastysaved=\dimen193
\tikzleveldistance=\dimen194
\tikzsiblingdistance=\dimen195
\tikz@figbox=\box54
\tikz@tempbox=\box55
\tikztreelevel=\count154
\tikznumberofchildren=\count155
\tikznumberofcurrentchild=\count156
\tikz@fig@count=\count157

(/usr/share/texmf/tex/generic/pgf/modules/pgfmodulematrix.code.tex
File: pgfmodulematrix.code.tex 2010/08/24  (rcs-revision 1.4)
\pgfmatrixcurrentrow=\count158
\pgfmatrixcurrentcolumn=\count159
\pgf@matrix@numberofcolumns=\count160
)
\tikz@expandcount=\count161

(/usr/share/texmf/tex/generic/pgf/frontendlayer/tikz/libraries/tikzlibrarytopat
hs.code.tex
File: tikzlibrarytopaths.code.tex 2008/06/17 v2.10 (rcs-revision 1.2)
))) (/usr/share/texlive/texmf-dist/tex/latex/tools/calc.sty
Package: calc 2007/08/22 v4.3 Infix arithmetic (KKT,FJ)
\calc@Acount=\count162
\calc@Bcount=\count163
\calc@Adimen=\dimen196
\calc@Bdimen=\dimen197
\calc@Askip=\skip57
\calc@Bskip=\skip58
LaTeX Info: Redefining \setlength on input line 76.
LaTeX Info: Redefining \addtolength on input line 77.
\calc@Ccount=\count164
\calc@Cskip=\skip59
)
(./beamerinnerthemeAalborg.sty
Package: beamerinnerthemeAalborg 2013/05/16 v1.3.0 The Aalborg Beamer Theme
\beamer@plainpagewidth=\skip60
) (./beamerouterthemeAalborg.sty
Package: beamerouterthemeAalborg 2013/05/16 v1.3.0 The Aalborg Beamer Theme
\beamer@width=\skip61
\beamer@height=\skip62
\beamer@barwidth=\skip63
)
(./beamercolorthemeAalborg.sty
Package: beamercolorthemeAalborg 2013/05/16 v1.3.0 The Aalborg Beamer Theme
))
(/usr/share/texlive/texmf-dist/tex/latex/base/inputenc.sty
Package: inputenc 2008/03/30 v1.1d Input encoding file
\inpenc@prehook=\toks42
\inpenc@posthook=\toks43

(/usr/share/texlive/texmf-dist/tex/latex/base/utf8.def
File: utf8.def 2008/04/05 v1.1m UTF-8 support for inputenc
Now handling font encoding OML ...
... no UTF-8 mapping file for font encoding OML
Now handling font encoding T1 ...
... processing UTF-8 mapping file for font encoding T1

(/usr/share/texlive/texmf-dist/tex/latex/base/t1enc.dfu
File: t1enc.dfu 2008/04/05 v1.1m UTF-8 support for inputenc
   defining Unicode char U+00A1 (decimal 161)
   defining Unicode char U+00A3 (decimal 163)
   defining Unicode char U+00AB (decimal 171)
   defining Unicode char U+00BB (decimal 187)
   defining Unicode char U+00BF (decimal 191)
   defining Unicode char U+00C0 (decimal 192)
   defining Unicode char U+00C1 (decimal 193)
   defining Unicode char U+00C2 (decimal 194)
   defining Unicode char U+00C3 (decimal 195)
   defining Unicode char U+00C4 (decimal 196)
   defining Unicode char U+00C5 (decimal 197)
   defining Unicode char U+00C6 (decimal 198)
   defining Unicode char U+00C7 (decimal 199)
   defining Unicode char U+00C8 (decimal 200)
   defining Unicode char U+00C9 (decimal 201)
   defining Unicode char U+00CA (decimal 202)
   defining Unicode char U+00CB (decimal 203)
   defining Unicode char U+00CC (decimal 204)
   defining Unicode char U+00CD (decimal 205)
   defining Unicode char U+00CE (decimal 206)
   defining Unicode char U+00CF (decimal 207)
   defining Unicode char U+00D0 (decimal 208)
   defining Unicode char U+00D1 (decimal 209)
   defining Unicode char U+00D2 (decimal 210)
   defining Unicode char U+00D3 (decimal 211)
   defining Unicode char U+00D4 (decimal 212)
   defining Unicode char U+00D5 (decimal 213)
   defining Unicode char U+00D6 (decimal 214)
   defining Unicode char U+00D8 (decimal 216)
   defining Unicode char U+00D9 (decimal 217)
   defining Unicode char U+00DA (decimal 218)
   defining Unicode char U+00DB (decimal 219)
   defining Unicode char U+00DC (decimal 220)
   defining Unicode char U+00DD (decimal 221)
   defining Unicode char U+00DE (decimal 222)
   defining Unicode char U+00DF (decimal 223)
   defining Unicode char U+00E0 (decimal 224)
   defining Unicode char U+00E1 (decimal 225)
   defining Unicode char U+00E2 (decimal 226)
   defining Unicode char U+00E3 (decimal 227)
   defining Unicode char U+00E4 (decimal 228)
   defining Unicode char U+00E5 (decimal 229)
   defining Unicode char U+00E6 (decimal 230)
   defining Unicode char U+00E7 (decimal 231)
   defining Unicode char U+00E8 (decimal 232)
   defining Unicode char U+00E9 (decimal 233)
   defining Unicode char U+00EA (decimal 234)
   defining Unicode char U+00EB (decimal 235)
   defining Unicode char U+00EC (decimal 236)
   defining Unicode char U+00ED (decimal 237)
   defining Unicode char U+00EE (decimal 238)
   defining Unicode char U+00EF (decimal 239)
   defining Unicode char U+00F0 (decimal 240)
   defining Unicode char U+00F1 (decimal 241)
   defining Unicode char U+00F2 (decimal 242)
   defining Unicode char U+00F3 (decimal 243)
   defining Unicode char U+00F4 (decimal 244)
   defining Unicode char U+00F5 (decimal 245)
   defining Unicode char U+00F6 (decimal 246)
   defining Unicode char U+00F8 (decimal 248)
   defining Unicode char U+00F9 (decimal 249)
   defining Unicode char U+00FA (decimal 250)
   defining Unicode char U+00FB (decimal 251)
   defining Unicode char U+00FC (decimal 252)
   defining Unicode char U+00FD (decimal 253)
   defining Unicode char U+00FE (decimal 254)
   defining Unicode char U+00FF (decimal 255)
   defining Unicode char U+0102 (decimal 258)
   defining Unicode char U+0103 (decimal 259)
   defining Unicode char U+0104 (decimal 260)
   defining Unicode char U+0105 (decimal 261)
   defining Unicode char U+0106 (decimal 262)
   defining Unicode char U+0107 (decimal 263)
   defining Unicode char U+010C (decimal 268)
   defining Unicode char U+010D (decimal 269)
   defining Unicode char U+010E (decimal 270)
   defining Unicode char U+010F (decimal 271)
   defining Unicode char U+0110 (decimal 272)
   defining Unicode char U+0111 (decimal 273)
   defining Unicode char U+0118 (decimal 280)
   defining Unicode char U+0119 (decimal 281)
   defining Unicode char U+011A (decimal 282)
   defining Unicode char U+011B (decimal 283)
   defining Unicode char U+011E (decimal 286)
   defining Unicode char U+011F (decimal 287)
   defining Unicode char U+0130 (decimal 304)
   defining Unicode char U+0131 (decimal 305)
   defining Unicode char U+0132 (decimal 306)
   defining Unicode char U+0133 (decimal 307)
   defining Unicode char U+0139 (decimal 313)
   defining Unicode char U+013A (decimal 314)
   defining Unicode char U+013D (decimal 317)
   defining Unicode char U+013E (decimal 318)
   defining Unicode char U+0141 (decimal 321)
   defining Unicode char U+0142 (decimal 322)
   defining Unicode char U+0143 (decimal 323)
   defining Unicode char U+0144 (decimal 324)
   defining Unicode char U+0147 (decimal 327)
   defining Unicode char U+0148 (decimal 328)
   defining Unicode char U+014A (decimal 330)
   defining Unicode char U+014B (decimal 331)
   defining Unicode char U+0150 (decimal 336)
   defining Unicode char U+0151 (decimal 337)
   defining Unicode char U+0152 (decimal 338)
   defining Unicode char U+0153 (decimal 339)
   defining Unicode char U+0154 (decimal 340)
   defining Unicode char U+0155 (decimal 341)
   defining Unicode char U+0158 (decimal 344)
   defining Unicode char U+0159 (decimal 345)
   defining Unicode char U+015A (decimal 346)
   defining Unicode char U+015B (decimal 347)
   defining Unicode char U+015E (decimal 350)
   defining Unicode char U+015F (decimal 351)
   defining Unicode char U+0160 (decimal 352)
   defining Unicode char U+0161 (decimal 353)
   defining Unicode char U+0162 (decimal 354)
   defining Unicode char U+0163 (decimal 355)
   defining Unicode char U+0164 (decimal 356)
   defining Unicode char U+0165 (decimal 357)
   defining Unicode char U+016E (decimal 366)
   defining Unicode char U+016F (decimal 367)
   defining Unicode char U+0170 (decimal 368)
   defining Unicode char U+0171 (decimal 369)
   defining Unicode char U+0178 (decimal 376)
   defining Unicode char U+0179 (decimal 377)
   defining Unicode char U+017A (decimal 378)
   defining Unicode char U+017B (decimal 379)
   defining Unicode char U+017C (decimal 380)
   defining Unicode char U+017D (decimal 381)
   defining Unicode char U+017E (decimal 382)
   defining Unicode char U+200C (decimal 8204)
   defining Unicode char U+2013 (decimal 8211)
   defining Unicode char U+2014 (decimal 8212)
   defining Unicode char U+2018 (decimal 8216)
   defining Unicode char U+2019 (decimal 8217)
   defining Unicode char U+201A (decimal 8218)
   defining Unicode char U+201C (decimal 8220)
   defining Unicode char U+201D (decimal 8221)
   defining Unicode char U+201E (decimal 8222)
   defining Unicode char U+2030 (decimal 8240)
   defining Unicode char U+2031 (decimal 8241)
   defining Unicode char U+2039 (decimal 8249)
   defining Unicode char U+203A (decimal 8250)
   defining Unicode char U+2423 (decimal 9251)
)
Now handling font encoding OT1 ...
... processing UTF-8 mapping file for font encoding OT1

(/usr/share/texlive/texmf-dist/tex/latex/base/ot1enc.dfu
File: ot1enc.dfu 2008/04/05 v1.1m UTF-8 support for inputenc
   defining Unicode char U+00A1 (decimal 161)
   defining Unicode char U+00A3 (decimal 163)
   defining Unicode char U+00B8 (decimal 184)
   defining Unicode char U+00BF (decimal 191)
   defining Unicode char U+00C5 (decimal 197)
   defining Unicode char U+00C6 (decimal 198)
   defining Unicode char U+00D8 (decimal 216)
   defining Unicode char U+00DF (decimal 223)
   defining Unicode char U+00E6 (decimal 230)
   defining Unicode char U+00EC (decimal 236)
   defining Unicode char U+00ED (decimal 237)
   defining Unicode char U+00EE (decimal 238)
   defining Unicode char U+00EF (decimal 239)
   defining Unicode char U+00F8 (decimal 248)
   defining Unicode char U+0131 (decimal 305)
   defining Unicode char U+0141 (decimal 321)
   defining Unicode char U+0142 (decimal 322)
   defining Unicode char U+0152 (decimal 338)
   defining Unicode char U+0153 (decimal 339)
   defining Unicode char U+2013 (decimal 8211)
   defining Unicode char U+2014 (decimal 8212)
   defining Unicode char U+2018 (decimal 8216)
   defining Unicode char U+2019 (decimal 8217)
   defining Unicode char U+201C (decimal 8220)
   defining Unicode char U+201D (decimal 8221)
)
Now handling font encoding OMS ...
... processing UTF-8 mapping file for font encoding OMS

(/usr/share/texlive/texmf-dist/tex/latex/base/omsenc.dfu
File: omsenc.dfu 2008/04/05 v1.1m UTF-8 support for inputenc
   defining Unicode char U+00A7 (decimal 167)
   defining Unicode char U+00B6 (decimal 182)
   defining Unicode char U+00B7 (decimal 183)
   defining Unicode char U+2020 (decimal 8224)
   defining Unicode char U+2021 (decimal 8225)
   defining Unicode char U+2022 (decimal 8226)
)
Now handling font encoding OMX ...
... no UTF-8 mapping file for font encoding OMX
Now handling font encoding U ...
... no UTF-8 mapping file for font encoding U
Now handling font encoding PD1 ...
... no UTF-8 mapping file for font encoding PD1
   defining Unicode char U+00A9 (decimal 169)
   defining Unicode char U+00AA (decimal 170)
   defining Unicode char U+00AE (decimal 174)
   defining Unicode char U+00BA (decimal 186)
   defining Unicode char U+02C6 (decimal 710)
   defining Unicode char U+02DC (decimal 732)
   defining Unicode char U+200C (decimal 8204)
   defining Unicode char U+2026 (decimal 8230)
   defining Unicode char U+2122 (decimal 8482)
   defining Unicode char U+2423 (decimal 9251)
))
(/usr/share/texlive/texmf-dist/tex/generic/babel/babel.sty
Package: babel 2013/12/03 3.9h The Babel package

(/usr/share/texlive/texmf-dist/tex/generic/babel-english/english.ldf
Language: english 2012/08/20 v3.3p English support from the babel system

(/usr/share/texlive/texmf-dist/tex/generic/babel/babel.def
File: babel.def 2013/12/03 3.9h Babel common definitions
LaTeX Info: Redefining \textlatin on input line 137.
\babel@savecnt=\count165
\U@D=\dimen198
)
\l@canadian = a dialect from \language\l@american 
\l@australian = a dialect from \language\l@british 
\l@newzealand = a dialect from \language\l@british 
))
(/usr/share/texlive/texmf-dist/tex/latex/tools/array.sty
Package: array 2008/09/09 v2.4c Tabular extension package (FMi)
\col@sep=\dimen199
\extrarowheight=\dimen200
\NC@list=\toks44
\extratabsurround=\skip64
\backup@length=\skip65
)
(/usr/share/texlive/texmf-dist/tex/latex/tools/hhline.sty
Package: hhline 1994/05/23 v2.03 Table rule package (DPC)
)
(/usr/share/texlive/texmf-dist/tex/latex/pdfpages/pdfpages.sty
Package: pdfpages 2013/08/25 v0.4v Insert pages of external PDF documents (AM)

(/usr/share/texlive/texmf-dist/tex/latex/base/ifthen.sty
Package: ifthen 2001/05/26 v1.1c Standard LaTeX ifthen package (DPC)
)
(/usr/share/texlive/texmf-dist/tex/latex/eso-pic/eso-pic.sty
Package: eso-pic 2013/10/06 v2.0d eso-pic (RN)
)
(/usr/share/texlive/texmf-dist/tex/latex/pdfpages/pppdftex.def
File: pppdftex.def 2013/08/25 v0.4v Pdfpages driver for pdfTeX (AM)
)
\AM@pagebox=\box56
\AM@toc@title=\toks45
\c@AM@survey=\count166
\AM@templatesizebox=\box57
)
(/usr/share/texlive/texmf-dist/tex/latex/rotating/rotating.sty
Package: rotating 2009/03/28 v2.16a rotated objects in LaTeX
\c@r@tfl@t=\count167
\rotFPtop=\skip66
\rotFPbot=\skip67
\rot@float@box=\box58
\rot@mess@toks=\toks46
)
(/usr/share/texlive/texmf-dist/tex/latex/base/fontenc.sty
Package: fontenc 2005/09/27 v1.99g Standard LaTeX package

(/usr/share/texlive/texmf-dist/tex/latex/base/t1enc.def
File: t1enc.def 2005/09/27 v1.99g Standard LaTeX file
LaTeX Font Info:    Redeclaring font encoding T1 on input line 43.
))
(/usr/share/texlive/texmf-dist/tex/latex/psnfss/helvet.sty
Package: helvet 2005/04/12 PSNFSS-v9.2a (WaS) 
)
(/usr/share/texlive/texmf-dist/tex/latex/tools/tabularx.sty
Package: tabularx 1999/01/07 v2.07 `tabularx' package (DPC)
\TX@col@width=\dimen201
\TX@old@table=\dimen202
\TX@old@col=\dimen203
\TX@target=\dimen204
\TX@delta=\dimen205
\TX@cols=\count168
\TX@ftn=\toks47
)
(/usr/share/texlive/texmf-dist/tex/latex/multirow/multirow.sty
\bigstrutjot=\dimen206
)
(/usr/share/texlive/texmf-dist/tex/latex/tools/multicol.sty
Package: multicol 2011/06/27 v1.7a multicolumn formatting (FMi)
\c@tracingmulticols=\count169
\mult@box=\box59
\multicol@leftmargin=\dimen207
\c@unbalance=\count170
\c@collectmore=\count171
\doublecol@number=\count172
\multicoltolerance=\count173
\multicolpretolerance=\count174
\full@width=\dimen208
\page@free=\dimen209
\premulticols=\dimen210
\postmulticols=\dimen211
\multicolsep=\skip68
\multicolbaselineskip=\skip69
\partial@page=\box60
\last@line=\box61
\mult@rightbox=\box62
\mult@grightbox=\box63
\mult@gfirstbox=\box64
\mult@firstbox=\box65
\@tempa=\box66
\@tempa=\box67
\@tempa=\box68
\@tempa=\box69
\@tempa=\box70
\@tempa=\box71
\@tempa=\box72
\@tempa=\box73
\@tempa=\box74
\@tempa=\box75
\@tempa=\box76
\@tempa=\box77
\@tempa=\box78
\@tempa=\box79
\@tempa=\box80
\@tempa=\box81
\@tempa=\box82
\c@columnbadness=\count175
\c@finalcolumnbadness=\count176
\last@try=\dimen212
\multicolovershoot=\dimen213
\multicolundershoot=\dimen214
\mult@nat@firstbox=\box83
\colbreak@box=\box84
\multicol@sort@counter=\count177
)
(/usr/share/texlive/texmf-dist/tex/latex/wrapfig/wrapfig.sty
\wrapoverhang=\dimen215
\WF@size=\dimen216
\c@WF@wrappedlines=\count178
\WF@box=\box85
\WF@everypar=\toks48
Package: wrapfig 2003/01/31  v 3.6
)
(/usr/share/texlive/texmf-dist/tex/latex/import/import.sty
Package: import 2009/03/23  v 5.1
)
(/usr/share/texlive/texmf-dist/tex/latex/tools/longtable.sty
Package: longtable 2004/02/01 v4.11 Multi-page Table package (DPC)
\LTleft=\skip70
\LTright=\skip71
\LTpre=\skip72
\LTpost=\skip73
\LTchunksize=\count179
\LTcapwidth=\dimen217
\LT@head=\box86
\LT@firsthead=\box87
\LT@foot=\box88
\LT@lastfoot=\box89
\LT@cols=\count180
\LT@rows=\count181
\c@LT@tables=\count182
\c@LT@chunks=\count183
\LT@p@ftn=\toks49
)
(/usr/share/texlive/texmf-dist/tex/latex/colortbl/colortbl.sty
Package: colortbl 2012/02/13 v1.0a Color table columns (DPC)
\everycr=\toks50
\minrowclearance=\skip74
)
(/usr/share/texlive/texmf-dist/tex/latex/caption/caption.sty
Package: caption 2013/05/02 v3.3-89 Customizing captions (AR)

(/usr/share/texlive/texmf-dist/tex/latex/caption/caption3.sty
Package: caption3 2013/05/02 v1.6-88 caption3 kernel (AR)
Package caption3 Info: TeX engine: e-TeX on input line 57.
\captionmargin=\dimen218
\captionmargin@=\dimen219
\captionwidth=\dimen220
\caption@tempdima=\dimen221
\caption@indent=\dimen222
\caption@parindent=\dimen223
\caption@hangindent=\dimen224
)
\c@ContinuedFloat=\count184
Package caption Info: beamer document class.
Package caption Info: hyperref package is loaded.
Package caption Info: Hyperref support is turned off
(caption)             because hyperref has stopped early.
Package caption Info: longtable package is loaded.

(/usr/share/texlive/texmf-dist/tex/latex/caption/ltcaption.sty
Package: ltcaption 2013/02/03 v1.3-62 longtable captions (AR)
)
Package caption Info: rotating package is loaded.
Package caption Info: wrapfig package is loaded.
)
(/usr/share/texlive/texmf-dist/tex/latex/caption/subcaption.sty
Package: subcaption 2013/02/03 v1.1-62 Sub-captions (AR)
\c@subfigure=\count185
\c@subtable=\count186
)
(./aalborgtheme.aux)
\openout1 = `aalborgtheme.aux'.

LaTeX Font Info:    Checking defaults for OML/cmm/m/it on input line 70.
LaTeX Font Info:    ... okay on input line 70.
LaTeX Font Info:    Checking defaults for T1/cmr/m/n on input line 70.
LaTeX Font Info:    ... okay on input line 70.
LaTeX Font Info:    Checking defaults for OT1/cmr/m/n on input line 70.
LaTeX Font Info:    ... okay on input line 70.
LaTeX Font Info:    Checking defaults for OMS/cmsy/m/n on input line 70.
LaTeX Font Info:    ... okay on input line 70.
LaTeX Font Info:    Checking defaults for OMX/cmex/m/n on input line 70.
LaTeX Font Info:    ... okay on input line 70.
LaTeX Font Info:    Checking defaults for U/cmr/m/n on input line 70.
LaTeX Font Info:    ... okay on input line 70.
LaTeX Font Info:    Checking defaults for PD1/pdf/m/n on input line 70.
LaTeX Font Info:    ... okay on input line 70.
LaTeX Font Info:    Try loading font information for T1+phv on input line 70.
 (/usr/share/texlive/texmf-dist/tex/latex/psnfss/t1phv.fd
File: t1phv.fd 2001/06/04 scalable font definitions for T1/phv.
)
*geometry* driver: auto-detecting
*geometry* detected driver: pdftex
*geometry* verbose mode - [ preamble ] result:
* driver: pdftex
* paper: custom
* layout: <same size as paper>
* layoutoffset:(h,v)=(0.0pt,0.0pt)
* modes: includehead includefoot 
* h-part:(L,W,R)=(14.22636pt, 278.83713pt, 71.13187pt)
* v-part:(T,H,B)=(0.0pt, 273.14662pt, 0.0pt)
* \paperwidth=364.19536pt
* \paperheight=273.14662pt
* \textwidth=278.83713pt
* \textheight=244.6939pt
* \oddsidemargin=-58.04362pt
* \evensidemargin=-58.04362pt
* \topmargin=-72.26999pt
* \headheight=14.22636pt
* \headsep=0.0pt
* \topskip=10.0pt
* \footskip=14.22636pt
* \marginparwidth=3.0pt
* \marginparsep=11.0pt
* \columnsep=10.0pt
* \skip\footins=9.0pt plus 4.0pt minus 2.0pt
* \hoffset=0.0pt
* \voffset=0.0pt
* \mag=1000
* \@twocolumnfalse
* \@twosidefalse
* \@mparswitchfalse
* \@reversemarginfalse
* (1in=72.27pt=25.4mm, 1cm=28.453pt)

(/usr/share/texlive/texmf-dist/tex/context/base/supp-pdf.mkii
[Loading MPS to PDF converter (version 2006.09.02).]
\scratchcounter=\count187
\scratchdimen=\dimen225
\scratchbox=\box90
\nofMPsegments=\count188
\nofMParguments=\count189
\everyMPshowfont=\toks51
\MPscratchCnt=\count190
\MPscratchDim=\dimen226
\MPnumerator=\count191
\makeMPintoPDFobject=\count192
\everyMPtoPDFconversion=\toks52
) (/usr/share/texlive/texmf-dist/tex/latex/oberdiek/epstopdf-base.sty
Package: epstopdf-base 2010/02/09 v2.5 Base part for package epstopdf

(/usr/share/texlive/texmf-dist/tex/latex/oberdiek/grfext.sty
Package: grfext 2010/08/19 v1.1 Manage graphics extensions (HO)
)
Package grfext Info: Graphics extension search list:
(grfext)             [.png,.pdf,.jpg,.mps,.jpeg,.jbig2,.jb2,.PNG,.PDF,.JPG,.JPE
G,.JBIG2,.JB2,.eps]
(grfext)             \AppendGraphicsExtensions on input line 452.

(/usr/share/texlive/texmf-dist/tex/latex/latexconfig/epstopdf-sys.cfg
File: epstopdf-sys.cfg 2010/07/13 v1.3 Configuration of (r)epstopdf for TeX Liv
e
))
ABD: EveryShipout initializing macros
\AtBeginShipoutBox=\box91
Package hyperref Info: Link coloring OFF on input line 70.

(/usr/share/texlive/texmf-dist/tex/latex/hyperref/nameref.sty
Package: nameref 2012/10/27 v2.43 Cross-referencing by name of section

(/usr/share/texlive/texmf-dist/tex/generic/oberdiek/gettitlestring.sty
Package: gettitlestring 2010/12/03 v1.4 Cleanup title references (HO)
)
\c@section@level=\count193
)
LaTeX Info: Redefining \ref on input line 70.
LaTeX Info: Redefining \pageref on input line 70.
LaTeX Info: Redefining \nameref on input line 70.

(./aalborgtheme.out) (./aalborgtheme.out)
\@outlinefile=\write5
\openout5 = `aalborgtheme.out'.

LaTeX Font Info:    Overwriting symbol font `operators' in version `normal'
(Font)                  OT1/cmr/m/n --> OT1/cmss/m/n on input line 70.
LaTeX Font Info:    Overwriting symbol font `operators' in version `bold'
(Font)                  OT1/cmr/bx/n --> OT1/cmss/bx/n on input line 70.
\symnumbers=\mathgroup6
\sympureletters=\mathgroup7
LaTeX Font Info:    Overwriting math alphabet `\mathrm' in version `normal'
(Font)                  OT1/cmss/m/n --> T1/cmr/m/n on input line 70.
LaTeX Font Info:    Redeclaring math alphabet \mathbf on input line 70.
LaTeX Font Info:    Overwriting math alphabet `\mathbf' in version `normal'
(Font)                  OT1/cmr/bx/n --> T1/phv/bx/n on input line 70.
LaTeX Font Info:    Overwriting math alphabet `\mathbf' in version `bold'
(Font)                  OT1/cmr/bx/n --> T1/phv/bx/n on input line 70.
LaTeX Font Info:    Redeclaring math alphabet \mathsf on input line 70.
LaTeX Font Info:    Overwriting math alphabet `\mathsf' in version `normal'
(Font)                  OT1/cmss/m/n --> T1/phv/m/n on input line 70.
LaTeX Font Info:    Overwriting math alphabet `\mathsf' in version `bold'
(Font)                  OT1/cmss/bx/n --> T1/phv/m/n on input line 70.
LaTeX Font Info:    Redeclaring math alphabet \mathit on input line 70.
LaTeX Font Info:    Overwriting math alphabet `\mathit' in version `normal'
(Font)                  OT1/cmr/m/it --> T1/phv/m/it on input line 70.
LaTeX Font Info:    Overwriting math alphabet `\mathit' in version `bold'
(Font)                  OT1/cmr/bx/it --> T1/phv/m/it on input line 70.
LaTeX Font Info:    Redeclaring math alphabet \mathtt on input line 70.
LaTeX Font Info:    Overwriting math alphabet `\mathtt' in version `normal'
(Font)                  OT1/cmtt/m/n --> T1/cmtt/m/n on input line 70.
LaTeX Font Info:    Overwriting math alphabet `\mathtt' in version `bold'
(Font)                  OT1/cmtt/m/n --> T1/cmtt/m/n on input line 70.
LaTeX Font Info:    Overwriting symbol font `numbers' in version `bold'
(Font)                  T1/phv/m/n --> T1/phv/bx/n on input line 70.
LaTeX Font Info:    Overwriting symbol font `pureletters' in version `bold'
(Font)                  T1/phv/m/it --> T1/phv/bx/it on input line 70.
LaTeX Font Info:    Overwriting math alphabet `\mathrm' in version `bold'
(Font)                  OT1/cmss/bx/n --> T1/cmr/bx/n on input line 70.
LaTeX Font Info:    Overwriting math alphabet `\mathbf' in version `bold'
(Font)                  T1/phv/bx/n --> T1/phv/bx/n on input line 70.
LaTeX Font Info:    Overwriting math alphabet `\mathsf' in version `bold'
(Font)                  T1/phv/m/n --> T1/phv/bx/n on input line 70.
LaTeX Font Info:    Overwriting math alphabet `\mathit' in version `bold'
(Font)                  T1/phv/m/it --> T1/phv/bx/it on input line 70.
LaTeX Font Info:    Overwriting math alphabet `\mathtt' in version `bold'
(Font)                  T1/cmtt/m/n --> T1/cmtt/bx/n on input line 70.

(/usr/share/texmf/tex/latex/beamer/base/translator/dicts/translator-basic-dicti
onary/translator-basic-dictionary-English.dict
Dictionary: translator-basic-dictionary, Language: English 
)
(/usr/share/texmf/tex/latex/beamer/base/translator/dicts/translator-bibliograph
y-dictionary/translator-bibliography-dictionary-English.dict
Dictionary: translator-bibliography-dictionary, Language: English 
)
(/usr/share/texmf/tex/latex/beamer/base/translator/dicts/translator-environment
-dictionary/translator-environment-dictionary-English.dict
Dictionary: translator-environment-dictionary, Language: English 
)
(/usr/share/texmf/tex/latex/beamer/base/translator/dicts/translator-months-dict
ionary/translator-months-dictionary-English.dict
Dictionary: translator-months-dictionary, Language: English 
)
(/usr/share/texmf/tex/latex/beamer/base/translator/dicts/translator-numbers-dic
tionary/translator-numbers-dictionary-English.dict
Dictionary: translator-numbers-dictionary, Language: English 
)
(/usr/share/texmf/tex/latex/beamer/base/translator/dicts/translator-theorem-dic
tionary/translator-theorem-dictionary-English.dict
Dictionary: translator-theorem-dictionary, Language: English 
)
LaTeX Info: Redefining \includegraphics on input line 70.
Package caption Info: Begin \AtBeginDocument code.
Package caption Info: End \AtBeginDocument code.
 (./aalborgtheme.nav)
*geometry* verbose mode - [ newgeometry ] result:
* driver: pdftex
* paper: custom
* layout: <same size as paper>
* layoutoffset:(h,v)=(0.0pt,0.0pt)
* modes: 
* h-part:(L,W,R)=(0.0pt, 364.19536pt, 0.0pt)
* v-part:(T,H,B)=(-273.14645pt, 546.29308pt, 0.0pt)
* \paperwidth=364.19536pt
* \paperheight=273.14662pt
* \textwidth=364.19536pt
* \textheight=546.29308pt
* \oddsidemargin=-72.26999pt
* \evensidemargin=-72.26999pt
* \topmargin=-359.6428pt
* \headheight=14.22636pt
* \headsep=0.0pt
* \topskip=10.0pt
* \footskip=14.22636pt
* \marginparwidth=0.0pt
* \marginparsep=0.0pt
* \columnsep=10.0pt
* \skip\footins=9.0pt plus 4.0pt minus 2.0pt
* \hoffset=0.0pt
* \voffset=0.0pt
* \mag=1000
* \@twocolumnfalse
* \@twosidefalse
* \@mparswitchfalse
* \@reversemarginfalse
* (1in=72.27pt=25.4mm, 1cm=28.453pt)


<images/thesis_presentation.pdf, id=54, 364.19562pt x 273.14648pt>
File: images/thesis_presentation.pdf Graphic file (type pdf)

<use images/thesis_presentation.pdf>
Package pdftex.def Info: images/thesis_presentation.pdf used on input line 73.
(pdftex.def)             Requested size: 364.19473pt x 273.14581pt.
File: images/thesis_presentation.pdf Graphic file (type pdf)
 <use images/thesis_presentation.pdf>
Package pdftex.def Info: images/thesis_presentation.pdf used on input line 73.
(pdftex.def)             Requested size: 364.19473pt x 273.14581pt.

<images/thesis_presentation.pdf, id=57, page=1, 364.19562pt x 273.14648pt>
File: images/thesis_presentation.pdf Graphic file (type pdf)

<use images/thesis_presentation.pdf, page 1>
Package pdftex.def Info: images/thesis_presentation.pdf, page1 used on input li
ne 73.
(pdftex.def)             Requested size: 364.19473pt x 273.14581pt.
File: images/thesis_presentation.pdf Graphic file (type pdf)

<use images/thesis_presentation.pdf, page 1>
Package pdftex.def Info: images/thesis_presentation.pdf, page1 used on input li
ne 73.
(pdftex.def)             Requested size: 364.38922pt x 273.29169pt.
File: images/thesis_presentation.pdf Graphic file (type pdf)

<use images/thesis_presentation.pdf, page 1>
Package pdftex.def Info: images/thesis_presentation.pdf, page1 used on input li
ne 73.
(pdftex.def)             Requested size: 364.38922pt x 273.29169pt.
File: images/thesis_presentation.pdf Graphic file (type pdf)

<use images/thesis_presentation.pdf, page 1>
Package pdftex.def Info: images/thesis_presentation.pdf, page1 used on input li
ne 73.
(pdftex.def)             Requested size: 364.38922pt x 273.29169pt.
File: images/thesis_presentation.pdf Graphic file (type pdf)

<use images/thesis_presentation.pdf, page 1>
Package pdftex.def Info: images/thesis_presentation.pdf, page1 used on input li
ne 73.
(pdftex.def)             Requested size: 364.38922pt x 273.29169pt.
 [1


 <./images/thesis_presentation.pdf>] (./presentation.tex
LaTeX Font Info:    Try loading font information for U+msa on input line 19.

(/usr/share/texlive/texmf-dist/tex/latex/amsfonts/umsa.fd
File: umsa.fd 2013/01/14 v3.01 AMS symbols A
)
LaTeX Font Info:    Try loading font information for U+msb on input line 19.

(/usr/share/texlive/texmf-dist/tex/latex/amsfonts/umsb.fd
File: umsb.fd 2013/01/14 v3.01 AMS symbols B
)
LaTeX Font Info:    Font shape `T1/phv/m/it' in size <7> not available
(Font)              Font shape `T1/phv/m/sl' tried instead on input line 19.
LaTeX Font Info:    Font shape `T1/phv/m/it' in size <5> not available
(Font)              Font shape `T1/phv/m/sl' tried instead on input line 19.
LaTeX Font Info:    Font shape `T1/phv/m/it' in size <10> not available
(Font)              Font shape `T1/phv/m/sl' tried instead on input line 19.
LaTeX Font Info:    Font shape `T1/phv/m/it' in size <14.4> not available
(Font)              Font shape `T1/phv/m/sl' tried instead on input line 19.
 [2{/var/lib/texmf/fonts/map/pdftex/updmap/pdftex.map}

 <./images/AAUgraphics/aau_logo_new.pdf>])
(./background.tex <images/coffee_robot.png, id=115, 180.675pt x 120.45pt>
File: images/coffee_robot.png Graphic file (type png)

<use images/coffee_robot.png>
Package pdftex.def Info: images/coffee_robot.png used on input line 34.
(pdftex.def)             Requested size: 139.41856pt x 92.94527pt.

Overfull \vbox (21.05144pt too high) detected at line 34
 []

[3

 <./images/coffee_robot.png>]
LaTeX Font Info:    Font shape `T1/phv/bx/n' in size <10> not available
(Font)              Font shape `T1/phv/b/n' tried instead on input line 81.

<images/safety.pdf, id=132, 255.1902pt x 112.67969pt>
File: images/safety.pdf Graphic file (type pdf)
 <use images/safety.pdf>
Package pdftex.def Info: images/safety.pdf used on input line 81.
(pdftex.def)             Requested size: 223.07054pt x 98.49646pt.

Overfull \vbox (19.77628pt too high) detected at line 81
 []

[4

 <./images/safety.pdf>]
<images/control_system.pdf, id=174, 405.7007pt x 120.65578pt>
File: images/control_system.pdf Graphic file (type pdf)

<use images/control_system.pdf>
Package pdftex.def Info: images/control_system.pdf used on input line 103.
(pdftex.def)             Requested size: 250.9517pt x 74.63458pt.
LaTeX Font Info:    Font shape `T1/phv/bx/n' in size <14.4> not available
(Font)              Font shape `T1/phv/b/n' tried instead on input line 103.

Overfull \vbox (7.75452pt too high) detected at line 103
 []

[5

 <./images/control_system.pdf>]) (./design.tex
<images/simple.jpg, id=298, 1003.75pt x 1454.43375pt>
File: images/simple.jpg Graphic file (type jpg)
 <use images/simple.jpg>
Package pdftex.def Info: images/simple.jpg used on input line 29.
(pdftex.def)             Requested size: 43.9173pt x 63.62688pt.

<images/tri.png, id=299, 375.4025pt x 541.02126pt>
File: images/tri.png Graphic file (type png)
 <use images/tri.png>
Package pdftex.def Info: images/tri.png used on input line 29.
(pdftex.def)             Requested size: 43.9173pt x 63.28519pt.

<images/human-heart.jpg, id=300, 240.9pt x 160.6803pt>
File: images/human-heart.jpg Graphic file (type jpg)

<use images/human-heart.jpg>
Package pdftex.def Info: images/human-heart.jpg used on input line 29.
(pdftex.def)             Requested size: 75.28627pt x 50.21492pt.

<images/SIIB.jpg, id=301, 1704.3675pt x 890.32625pt>
File: images/SIIB.jpg Graphic file (type jpg)
 <use images/SIIB.jpg>
Package pdftex.def Info: images/SIIB.jpg used on input line 29.
(pdftex.def)             Requested size: 100.38106pt x 52.42554pt.

Underfull \hbox (badness 10000) in paragraph at lines 29--29
[][][]
 []


Underfull \hbox (badness 10000) in paragraph at lines 29--29
[]
 []


Overfull \vbox (3.61084pt too high) detected at line 29
 []

[6

 <./images/simple.jpg> <./images/tri.png> <./images/human-heart.jpg> <./images/
SIIB.jpg>]
Package epstopdf Info: Source file: <images/cbf_1d.eps>
(epstopdf)                    date: 2015-06-10 14:20:40
(epstopdf)                    size: 154998 bytes
(epstopdf)             Output file: <images/cbf_1d-eps-converted-to.pdf>
(epstopdf)                    date: 2015-06-10 14:20:43
(epstopdf)                    size: 27854 bytes
(epstopdf)             Command: <repstopdf --outfile=images/cbf_1d-eps-converte
d-to.pdf images/cbf_1d.eps>
(epstopdf)             \includegraphics on input line 72.
Package epstopdf Info: Output file is already uptodate.

<images/cbf_1d-eps-converted-to.pdf, id=317, 765.86125pt x 456.70625pt>
File: images/cbf_1d-eps-converted-to.pdf Graphic file (type pdf)

<use images/cbf_1d-eps-converted-to.pdf>
Package pdftex.def Info: images/cbf_1d-eps-converted-to.pdf used on input line 
72.
(pdftex.def)             Requested size: 58.92067pt x 35.12955pt.
Package epstopdf Info: Source file: <images/cbf_2d.eps>
(epstopdf)                    date: 2015-06-10 13:35:51
(epstopdf)                    size: 1046211 bytes
(epstopdf)             Output file: <images/cbf_2d-eps-converted-to.pdf>
(epstopdf)                    date: 2015-06-10 13:36:02
(epstopdf)                    size: 209472 bytes
(epstopdf)             Command: <repstopdf --outfile=images/cbf_2d-eps-converte
d-to.pdf images/cbf_2d.eps>
(epstopdf)             \includegraphics on input line 72.
Package epstopdf Info: Output file is already uptodate.

<images/cbf_2d-eps-converted-to.pdf, id=318, 522.95375pt x 354.32375pt>
File: images/cbf_2d-eps-converted-to.pdf Graphic file (type pdf)

<use images/cbf_2d-eps-converted-to.pdf>
Package pdftex.def Info: images/cbf_2d-eps-converted-to.pdf used on input line 
72.
(pdftex.def)             Requested size: 58.92067pt x 39.91646pt.


LaTeX Font Warning: Command \scriptsize invalid in math mode on input line 72.


LaTeX Font Warning: Command \scriptsize invalid in math mode on input line 72.

Package epstopdf Info: Source file: <images/model_1d.eps>
(epstopdf)                    date: 2015-06-10 13:19:40
(epstopdf)                    size: 219131 bytes
(epstopdf)             Output file: <images/model_1d-eps-converted-to.pdf>
(epstopdf)                    date: 2015-06-10 13:19:57
(epstopdf)                    size: 26587 bytes
(epstopdf)             Command: <repstopdf --outfile=images/model_1d-eps-conver
ted-to.pdf images/model_1d.eps>
(epstopdf)             \includegraphics on input line 72.
Package epstopdf Info: Output file is already uptodate.
<images/model_1d-eps-converted-to.pdf, id=319, 444.66125pt x 354.32375pt>
File: images/model_1d-eps-converted-to.pdf Graphic file (type pdf)

<use images/model_1d-eps-converted-to.pdf>
Package pdftex.def Info: images/model_1d-eps-converted-to.pdf used on input lin
e 72.
(pdftex.def)             Requested size: 107.35475pt x 85.54224pt.

Underfull \hbox (badness 10000) in paragraph at lines 72--72
[]\T1/phv/m/n/10 white[]
 []

Package epstopdf Info: Source file: <images/fe_graphs.eps>
(epstopdf)                    date: 2015-06-10 13:06:00
(epstopdf)                    size: 351797 bytes
(epstopdf)             Output file: <images/fe_graphs-eps-converted-to.pdf>
(epstopdf)                    date: 2015-06-10 13:06:21
(epstopdf)                    size: 25608 bytes
(epstopdf)             Command: <repstopdf --outfile=images/fe_graphs-eps-conve
rted-to.pdf images/fe_graphs.eps>
(epstopdf)             \includegraphics on input line 72.
Package epstopdf Info: Output file is already uptodate.
<images/fe_graphs-eps-converted-to.pdf, id=320, 444.66125pt x 354.32375pt>
File: images/fe_graphs-eps-converted-to.pdf Graphic file (type pdf)

<use images/fe_graphs-eps-converted-to.pdf>
Package pdftex.def Info: images/fe_graphs-eps-converted-to.pdf used on input li
ne 72.
(pdftex.def)             Requested size: 107.35475pt x 85.54224pt.
 [7

 <./images/cbf_1d-eps-converted-to.pdf> <./images/cbf_2d-eps-converted-to.pdf> 
<./images/model_1d-eps-converted-to.pdf> <./images/fe_graphs-eps-converted-to.p
df>]
Package epstopdf Info: Source file: <images/plot_states_nem.eps>
(epstopdf)                    date: 2015-06-11 10:17:01
(epstopdf)                    size: 1757175 bytes
(epstopdf)             Output file: <images/plot_states_nem-eps-converted-to.pd
f>
(epstopdf)                    date: 2015-06-11 10:17:03
(epstopdf)                    size: 25029 bytes
(epstopdf)             Command: <repstopdf --outfile=images/plot_states_nem-eps
-converted-to.pdf images/plot_states_nem.eps>
(epstopdf)             \includegraphics on input line 101.
Package epstopdf Info: Output file is already uptodate.

<images/plot_states_nem-eps-converted-to.pdf, id=383, 511.9125pt x 214.8025pt>
File: images/plot_states_nem-eps-converted-to.pdf Graphic file (type pdf)

<use images/plot_states_nem-eps-converted-to.pdf>
Package pdftex.def Info: images/plot_states_nem-eps-converted-to.pdf used on in
put line 101.
(pdftex.def)             Requested size: 133.84062pt x 56.15869pt.
Package epstopdf Info: Source file: <images/vary_kappa.eps>
(epstopdf)                    date: 2015-06-10 21:12:00
(epstopdf)                    size: 361511 bytes
(epstopdf)             Output file: <images/vary_kappa-eps-converted-to.pdf>
(epstopdf)                    date: 2015-06-10 21:12:03
(epstopdf)                    size: 61003 bytes
(epstopdf)             Command: <repstopdf --outfile=images/vary_kappa-eps-conv
erted-to.pdf images/vary_kappa.eps>
(epstopdf)             \includegraphics on input line 101.
Package epstopdf Info: Output file is already uptodate.

<images/vary_kappa-eps-converted-to.pdf, id=384, 675.52374pt x 533.995pt>
File: images/vary_kappa-eps-converted-to.pdf Graphic file (type pdf)

<use images/vary_kappa-eps-converted-to.pdf>
Package pdftex.def Info: images/vary_kappa-eps-converted-to.pdf used on input l
ine 101.
(pdftex.def)             Requested size: 133.84062pt x 105.79489pt.

<images/trajectory_slide_meas_1-eps-converted-to.pdf, id=385, 721.27965pt x 528
.97626pt>
File: images/trajectory_slide_meas_1-eps-converted-to.pdf Graphic file (type pd
f)
 <use images/trajectory_slide_meas_1-eps-converted-to.pdf>
Package pdftex.def Info: images/trajectory_slide_meas_1-eps-converted-to.pdf us
ed on input line 101.
(pdftex.def)             Requested size: 133.84062pt x 98.15771pt.

Underfull \hbox (badness 10000) in paragraph at lines 101--101
[]\T1/phv/m/n/10 white[]
 []


<images/meas_trajectory_2_order-eps-converted-to.pdf, id=386, 712.6625pt x 518.
93875pt>
File: images/meas_trajectory_2_order-eps-converted-to.pdf Graphic file (type pd
f)
 <use images/meas_trajectory_2_order-eps-converted-to.pdf>
Package pdftex.def Info: images/meas_trajectory_2_order-eps-converted-to.pdf us
ed on input line 101.
(pdftex.def)             Requested size: 133.84062pt x 97.45914pt.

Overfull \vbox (11.08553pt too high) detected at line 101
 []

[8

 <./images/plot_states_nem-eps-converted-to.pdf> <./images/vary_kappa-eps-conve
rted-to.pdf> <./images/trajectory_slide_meas_1-eps-converted-to.pdf> <./images/
meas_trajectory_2_order-eps-converted-to.pdf>]
<images/dynamic_boundary_limits.pdf, id=484, 321.81831pt x 459.68037pt>
File: images/dynamic_boundary_limits.pdf Graphic file (type pdf)

<use images/dynamic_boundary_limits.pdf>
Package pdftex.def Info: images/dynamic_boundary_limits.pdf used on input line 
142.
(pdftex.def)             Requested size: 48.79735pt x 69.69958pt.

<images/dynamic_boundary_sequence.pdf, id=485, 1372.27684pt x 458.06534pt>
File: images/dynamic_boundary_sequence.pdf Graphic file (type pdf)

<use images/dynamic_boundary_sequence.pdf>
Package pdftex.def Info: images/dynamic_boundary_sequence.pdf used on input lin
e 142.
(pdftex.def)             Requested size: 209.12784pt x 69.80418pt.

<images/barrier.jpg, id=486, 763.85374pt x 658.46pt>
File: images/barrier.jpg Graphic file (type jpg)
 <use images/barrier.jpg>
Package pdftex.def Info: images/barrier.jpg used on input line 142.
(pdftex.def)             Requested size: 52.28195pt x 45.06203pt.

Overfull \hbox (3.03624pt too wide) in paragraph at lines 142--142
[] 
 []

[9

 <./images/dynamic_boundary_limits.pdf> <./images/dynamic_boundary_sequence.pdf


pdfTeX warning: pdflatex (file ./images/dynamic_boundary_sequence.pdf): PDF inc
lusion: multiple pdfs with page group included in a single page
> <./images/barrier.jpg>]
Package epstopdf Info: Source file: <images/dyn.eps>
(epstopdf)                    date: 2015-06-11 12:02:08
(epstopdf)                    size: 1130703 bytes
(epstopdf)             Output file: <images/dyn-eps-converted-to.pdf>
(epstopdf)                    date: 2015-06-11 12:02:14
(epstopdf)                    size: 263126 bytes
(epstopdf)             Command: <repstopdf --outfile=images/dyn-eps-converted-t
o.pdf images/dyn.eps>
(epstopdf)             \includegraphics on input line 160.
Package epstopdf Info: Output file is already uptodate.

<images/dyn-eps-converted-to.pdf, id=620, 443.6575pt x 480.79625pt>
File: images/dyn-eps-converted-to.pdf Graphic file (type pdf)

<use images/dyn-eps-converted-to.pdf>
Package pdftex.def Info: images/dyn-eps-converted-to.pdf used on input line 160
.
(pdftex.def)             Requested size: 150.07207pt x 162.6322pt.

Overfull \hbox (21.80513pt too wide) in paragraph at lines 160--160
[] 
 []

Package epstopdf Info: Source file: <images/dyn_meas.eps>
(epstopdf)                    date: 2015-06-11 12:07:30
(epstopdf)                    size: 196980 bytes
(epstopdf)             Output file: <images/dyn_meas-eps-converted-to.pdf>
(epstopdf)                    date: 2015-06-11 12:07:35
(epstopdf)                    size: 35607 bytes
(epstopdf)             Command: <repstopdf --outfile=images/dyn_meas-eps-conver
ted-to.pdf images/dyn_meas.eps>
(epstopdf)             \includegraphics on input line 160.
Package epstopdf Info: Output file is already uptodate.
<images/dyn_meas-eps-converted-to.pdf, id=621, 443.6575pt x 480.79625pt>
File: images/dyn_meas-eps-converted-to.pdf Graphic file (type pdf)

<use images/dyn_meas-eps-converted-to.pdf>
Package pdftex.def Info: images/dyn_meas-eps-converted-to.pdf used on input lin
e 160.
(pdftex.def)             Requested size: 150.07207pt x 162.6322pt.

Overfull \hbox (21.80513pt too wide) in paragraph at lines 160--160
[] 
 []

[10

 <./images/dyn-eps-converted-to.pdf> <./images/dyn_meas-eps-converted-to.pdf>] 
<images/simple_kinematics.pdf, id=661, 636.3775pt x 331.90598pt>
File: images/simple_kinematics.pdf Graphic file (type pdf)

<use images/simple_kinematics.pdf>
Package pdftex.def Info: images/simple_kinematics.pdf used on input line 180.
(pdftex.def)             Requested size: 150.57062pt x 78.52968pt.

Overfull \hbox (25.09477pt too wide) in paragraph at lines 180--180
[][] 
 []

Package epstopdf Info: Source file: <images/3d_bar_ny.eps>
(epstopdf)                    date: 2015-06-11 17:31:36
(epstopdf)                    size: 8700877 bytes
(epstopdf)             Output file: <images/3d_bar_ny-eps-converted-to.pdf>
(epstopdf)                    date: 2015-06-11 17:31:48
(epstopdf)                    size: 720723 bytes
(epstopdf)             Command: <repstopdf --outfile=images/3d_bar_ny-eps-conve
rted-to.pdf images/3d_bar_ny.eps>
(epstopdf)             \includegraphics on input line 180.
Package epstopdf Info: Output file is already uptodate.
<images/3d_bar_ny-eps-converted-to.pdf, id=662, 365.365pt x 347.2975pt>
File: images/3d_bar_ny-eps-converted-to.pdf Graphic file (type pdf)

<use images/3d_bar_ny-eps-converted-to.pdf>
Package pdftex.def Info: images/3d_bar_ny-eps-converted-to.pdf used on input li
ne 180.
(pdftex.def)             Requested size: 125.47585pt x 119.27193pt.
 [11

 <./images/simple_kinematics.pdf> <./images/3d_bar_ny-eps-converted-to.pdf>]
<images/traj_3d_1_sim.pdf, id=1784, 670.02322pt x 484.31345pt>
File: images/traj_3d_1_sim.pdf Graphic file (type pdf)

<use images/traj_3d_1_sim.pdf>
Package pdftex.def Info: images/traj_3d_1_sim.pdf used on input line 208.
(pdftex.def)             Requested size: 128.26694pt x 92.71516pt.

<images/traj_3d_meas-eps-converted-to.pdf, id=1785, 774.895pt x 505.89pt>
File: images/traj_3d_meas-eps-converted-to.pdf Graphic file (type pdf)

<use images/traj_3d_meas-eps-converted-to.pdf>
Package pdftex.def Info: images/traj_3d_meas-eps-converted-to.pdf used on input
 line 208.
(pdftex.def)             Requested size: 141.0944pt x 92.10608pt.

Overfull \hbox (12.82747pt too wide) in paragraph at lines 208--208
[][] 
 []

[12

 <./images/traj_3d_1_sim.pdf> <./images/traj_3d_meas-eps-converted-to.pdf

pdfTeX warning: pdflatex (file ./images/traj_3d_meas-eps-converted-to.pdf): PDF
 inclusion: multiple pdfs with page group included in a single page
>]) (./analysis_sos.tex
<images/SOSTOOLS.pdf, id=1820, 182.08025pt x 122.4575pt>
File: images/SOSTOOLS.pdf Graphic file (type pdf)

<use images/SOSTOOLS.pdf>
Package pdftex.def Info: images/SOSTOOLS.pdf used on input line 25.
(pdftex.def)             Requested size: 111.53314pt x 75.011pt.
 [13

 <./images/SOSTOOLS.pdf>]
<images/sos_Xregion_dBdx.pdf, id=1852, 303.80199pt x 278.373pt>
File: images/sos_Xregion_dBdx.pdf Graphic file (type pdf)

<use images/sos_Xregion_dBdx.pdf>
Package pdftex.def Info: images/sos_Xregion_dBdx.pdf used on input line 70.
(pdftex.def)             Requested size: 72.49585pt x 66.42859pt.

<images/sos_errorref_1d_new_2ndorder.pdf, id=1853, 303.80199pt x 271.0125pt>
File: images/sos_errorref_1d_new_2ndorder.pdf Graphic file (type pdf)

<use images/sos_errorref_1d_new_2ndorder.pdf>
Package pdftex.def Info: images/sos_errorref_1d_new_2ndorder.pdf used on input 
line 70.
(pdftex.def)             Requested size: 72.49585pt x 64.67213pt.

<images/slide_sos.pdf, id=1855, 265.99374pt x 450.73393pt>
File: images/slide_sos.pdf Graphic file (type pdf)

<use images/slide_sos.pdf>
Package pdftex.def Info: images/slide_sos.pdf used on input line 70.
(pdftex.def)             Requested size: 89.22992pt x 151.19797pt.
 [14

 <./images/sos_Xregion_dBdx.pdf> <./images/sos_errorref_1d_new_2ndorder.pdf

pdfTeX warning: pdflatex (file ./images/sos_errorref_1d_new_2ndorder.pdf): PDF 
inclusion: multiple pdfs with page group included in a single page
> <./images/slide_sos.pdf>]) (./konklusion.tex
<images/blowing-a-dandelion-600.jpg, id=2019, 602.25pt x 400.49625pt>
File: images/blowing-a-dandelion-600.jpg Graphic file (type jpg)

<use images/blowing-a-dandelion-600.jpg>
Package pdftex.def Info: images/blowing-a-dandelion-600.jpg used on input line 
26.
(pdftex.def)             Requested size: 97.5947pt x 64.89958pt.

<images/TwoPaths-900x470.jpg, id=2020, 903.375pt x 471.7625pt>
File: images/TwoPaths-900x470.jpg Graphic file (type jpg)

<use images/TwoPaths-900x470.jpg>
Package pdftex.def Info: images/TwoPaths-900x470.jpg used on input line 26.
(pdftex.def)             Requested size: 97.5947pt x 50.96542pt.

<images/path-to-success.jpg, id=2021, 552.0625pt x 301.125pt>
File: images/path-to-success.jpg Graphic file (type jpg)

<use images/path-to-success.jpg>
Package pdftex.def Info: images/path-to-success.jpg used on input line 26.
(pdftex.def)             Requested size: 97.5947pt x 53.23065pt.

Overfull \vbox (5.13945pt too high) detected at line 26
 []

[15

 <./images/blowing-a-dandelion-600.jpg> <./images/TwoPaths-900x470.jpg> <./imag
es/path-to-success.jpg>]
<images/checklist.jpg, id=2036, 391.4625pt x 284.7438pt>
File: images/checklist.jpg Graphic file (type jpg)

<use images/checklist.jpg>
Package pdftex.def Info: images/checklist.jpg used on input line 44.
(pdftex.def)             Requested size: 75.2872pt x 54.7623pt.

<images/p01tgd39.jpg, id=2037, 450.9648pt x 253.6677pt>
File: images/p01tgd39.jpg Graphic file (type jpg)

<use images/p01tgd39.jpg>
Package pdftex.def Info: images/p01tgd39.jpg used on input line 44.
(pdftex.def)             Requested size: 97.5947pt x 54.89359pt.

<images/9212_fit512.jpg, id=2038, 513.92pt x 513.92pt>
File: images/9212_fit512.jpg Graphic file (type jpg)

<use images/9212_fit512.jpg>
Package pdftex.def Info: images/9212_fit512.jpg used on input line 44.
(pdftex.def)             Requested size: 55.76657pt x 55.76288pt.
 [16

 <./images/checklist.jpg> <./images/p01tgd39.jpg> <./images/9212_fit512.jpg>]
<images/sostools_eval.pdf, id=2054, 541.8657pt x 83.12938pt>
File: images/sostools_eval.pdf Graphic file (type pdf)

<use images/sostools_eval.pdf>
Package pdftex.def Info: images/sostools_eval.pdf used on input line 64.
(pdftex.def)             Requested size: 278.83713pt x 42.77849pt.
 [17

 <./images/sostools_eval.pdf>]
<images/The-Weak-Link-in-the-Chain-474557-2.jpg, id=2090, 1053.9375pt x 702.625
pt>
File: images/The-Weak-Link-in-the-Chain-474557-2.jpg Graphic file (type jpg)
 <use images/The-Weak-Link-in-the-Chain-474557-2.jpg>
Package pdftex.def Info: images/The-Weak-Link-in-the-Chain-474557-2.jpg used on
 input line 99.
(pdftex.def)             Requested size: 83.65198pt x 55.76085pt.

<images/work_with_us.jpg, id=2091, 582.175pt x 301.125pt>
File: images/work_with_us.jpg Graphic file (type jpg)

<use images/work_with_us.jpg>
Package pdftex.def Info: images/work_with_us.jpg used on input line 99.
(pdftex.def)             Requested size: 83.65198pt x 43.26454pt.

<images/chain-links-WEB.jpg, id=2092, 401.5pt x 200.75pt>
File: images/chain-links-WEB.jpg Graphic file (type jpg)

<use images/chain-links-WEB.jpg>
Package pdftex.def Info: images/chain-links-WEB.jpg used on input line 99.
(pdftex.def)             Requested size: 83.65198pt x 41.82484pt.
 [18

 <./images/The-Weak-Link-in-the-Chain-474557-2.jpg> <./images/work_with_us.jpg>
 <./images/chain-links-WEB.jpg>])
Overfull \hbox (56.9055pt too wide) in paragraph at lines 90--90
[]$[]$ 
 []

<images/AAUgraphics/aau_waves.pdf, id=2108, 845.1575pt x 598.235pt>
File: images/AAUgraphics/aau_waves.pdf Graphic file (type pdf)

<use images/AAUgraphics/aau_waves.pdf>
Package pdftex.def Info: images/AAUgraphics/aau_waves.pdf used on input line 90
.
(pdftex.def)             Requested size: 364.1973pt x 273.1467pt.
 [19

 <./images/AAUgraphics/aau_waves.pdf, page is rotated 270 degrees>]
\tf@nav=\write6
\openout6 = `aalborgtheme.nav'.

\tf@toc=\write7
\openout7 = `aalborgtheme.toc'.

\tf@snm=\write8
\openout8 = `aalborgtheme.snm'.

Package atveryend Info: Empty hook `BeforeClearDocument' on input line 93.
Package atveryend Info: Empty hook `AfterLastShipout' on input line 93.
 (./aalborgtheme.aux)
Package atveryend Info: Executing hook `AtVeryEndDocument' on input line 93.
Package atveryend Info: Executing hook `AtEndAfterFileList' on input line 93.
Package rerunfilecheck Info: File `aalborgtheme.out' has not changed.
(rerunfilecheck)             Checksum: 2265BB878DCBD2EE14FB7D4EDECAC0E3;496.
Package atveryend Info: Empty hook `AtVeryVeryEnd' on input line 93.
 ) 
Here is how much of TeX's memory you used:
 21338 strings out of 494958
 394897 string characters out of 6179213
 479005 words of memory out of 5000000
 23924 multiletter control sequences out of 15000+600000
 51260 words of font info for 61 fonts, out of 8000000 for 9000
 36 hyphenation exceptions out of 8191
 52i,21n,63p,411b,1071s stack positions out of 5000i,500n,10000p,200000b,80000s
{/usr/share/texlive/texmf-dist/fonts/enc/dvips/base/8r.enc}</usr/share/texliv
e/texmf-dist/fonts/type1/public/amsfonts/cm/cmex10.pfb></usr/share/texlive/texm
f-dist/fonts/type1/public/amsfonts/cmextra/cmex7.pfb></usr/share/texlive/texmf-
dist/fonts/type1/public/amsfonts/cm/cmmi10.pfb></usr/share/texlive/texmf-dist/f
onts/type1/public/amsfonts/cm/cmmi7.pfb></usr/share/texlive/texmf-dist/fonts/ty
pe1/public/amsfonts/cm/cmss10.pfb></usr/share/texlive/texmf-dist/fonts/type1/pu
blic/amsfonts/cm/cmss8.pfb></usr/share/texlive/texmf-dist/fonts/type1/public/am
sfonts/cm/cmsy10.pfb></usr/share/texlive/texmf-dist/fonts/type1/public/amsfonts
/cm/cmsy5.pfb></usr/share/texlive/texmf-dist/fonts/type1/public/amsfonts/cm/cms
y7.pfb></usr/share/texlive/texmf-dist/fonts/type1/public/amsfonts/symbols/msam5
.pfb></usr/share/texlive/texmf-dist/fonts/type1/public/amsfonts/symbols/msam7.p
fb></usr/share/texlive/texmf-dist/fonts/type1/urw/helvetic/uhvb8a.pfb></usr/sha
re/texlive/texmf-dist/fonts/type1/urw/helvetic/uhvr8a.pfb></usr/share/texlive/t
exmf-dist/fonts/type1/urw/helvetic/uhvro8a.pfb>
Output written on aalborgtheme.pdf (19 pages, 11129408 bytes).
PDF statistics:
 2176 PDF objects out of 2487 (max. 8388607)
 676 compressed objects within 7 object streams
 47 named destinations out of 1000 (max. 500000)
 343 words of extra memory for PDF output out of 10000 (max. 10000000)

